<?xml version="1.0" encoding="UTF-8"?>
<testsuite xmlns:xsi="http://www.w3.org/2001/XMLSchema-instance" xsi:noNamespaceSchemaLocation="https://maven.apache.org/surefire/maven-surefire-plugin/xsd/surefire-test-report.xsd" name="com.cg.fas.farmingtipsservice.controller.FarmingTipsControllerTest" time="1.911" tests="3" errors="0" skipped="0" failures="0">
  <properties>
[...]
</properties>
  <testcase name="testAddTips" classname="com.cg.fas.farmingtipsservice.controller.FarmingTipsControllerTest" time="1.884"/>
  <testcase name="testUpdateTips" classname="com.cg.fas.farmingtipsservice.controller.FarmingTipsControllerTest" time="0"/>
  <testcase name="testDeleteTips" classname="com.cg.fas.farmingtipsservice.controller.FarmingTipsControllerTest" time="0.008"/>
</testsuite>